SuHeon/My project (1)/Library/Bee/Android/Prj/IL2CPP/Gradle/unityLibrary/build/intermediates/manifest_merge_blame_file/release/manifest-merger-blame-release-report.txt
1<?xml version="1.0" encoding="utf-8"?>
2<manifest xmlns:android="http://schemas.android.com/apk/res/android"
3    xmlns:tools="http://schemas.android.com/tools"
4    package="com.unity3d.player" >
5
6    <uses-sdk
7        android:minSdkVersion="24"
7-->src\main\AndroidManifest.xml
8        android:targetSdkVersion="33" />
8-->src\main\AndroidManifest.xml
9
10    <uses-permission android:name="android.permission.INTERNET" />
10-->src\main\AndroidManifest.xml:3:3-65
10-->src\main\AndroidManifest.xml:3:20-62
11
12    <uses-feature android:glEsVersion="0x00030000" />
12-->src\main\AndroidManifest.xml:4:3-52
12-->src\main\AndroidManifest.xml:4:17-49
13    <uses-feature
13-->src\main\AndroidManifest.xml:5:3-88
14        android:name="android.hardware.touchscreen"
14-->src\main\AndroidManifest.xml:5:17-60
15        android:required="false" />
15-->src\main\AndroidManifest.xml:5:61-85
16    <uses-feature
16-->src\main\AndroidManifest.xml:6:3-99
17        android:name="android.hardware.touchscreen.multitouch"
17-->src\main\AndroidManifest.xml:6:17-71
18        android:required="false" />
18-->src\main\AndroidManifest.xml:6:72-96
19    <uses-feature
19-->src\main\AndroidManifest.xml:7:3-108
20        android:name="android.hardware.touchscreen.multitouch.distinct"
20-->src\main\AndroidManifest.xml:7:17-80
21        android:required="false" />
21-->src\main\AndroidManifest.xml:7:81-105
22
23    <uses-permission android:name="android.permission.CAMERA" />
23-->src\main\AndroidManifest.xml:34:3-63
23-->src\main\AndroidManifest.xml:34:20-60
24
25    <uses-feature
25-->src\main\AndroidManifest.xml:35:3-85
26        android:name="android.hardware.camera.ar"
26-->src\main\AndroidManifest.xml:35:17-58
27        android:required="true" />
27-->src\main\AndroidManifest.xml:35:59-82
28    <uses-feature
28-->src\main\AndroidManifest.xml:36:3-83
29        android:name="com.google.ar.core.depth"
29-->src\main\AndroidManifest.xml:36:17-56
30        android:required="true" />
30-->src\main\AndroidManifest.xml:36:57-80
31
32    <application android:extractNativeLibs="true" >
32-->src\main\AndroidManifest.xml:8:3-33:17
32-->src\main\AndroidManifest.xml:8:16-48
33        <meta-data
33-->src\main\AndroidManifest.xml:9:5-69
34            android:name="unity.splash-mode"
34-->src\main\AndroidManifest.xml:9:16-48
35            android:value="0" />
35-->src\main\AndroidManifest.xml:9:49-66
36        <meta-data
36-->src\main\AndroidManifest.xml:10:5-74
37            android:name="unity.splash-enable"
37-->src\main\AndroidManifest.xml:10:16-50
38            android:value="True" />
38-->src\main\AndroidManifest.xml:10:51-71
39        <meta-data
39-->src\main\AndroidManifest.xml:11:5-78
40            android:name="unity.launch-fullscreen"
40-->src\main\AndroidManifest.xml:11:16-54
41            android:value="True" />
41-->src\main\AndroidManifest.xml:11:55-75
42        <meta-data
42-->src\main\AndroidManifest.xml:12:5-81
43            android:name="notch.config"
43-->src\main\AndroidManifest.xml:12:16-43
44            android:value="portrait|landscape" />
44-->src\main\AndroidManifest.xml:12:44-78
45        <meta-data
45-->src\main\AndroidManifest.xml:13:5-84
46            android:name="unity.auto-report-fully-drawn"
46-->src\main\AndroidManifest.xml:13:16-60
47            android:value="true" />
47-->src\main\AndroidManifest.xml:13:61-81
48        <meta-data
48-->src\main\AndroidManifest.xml:14:5-78
49            android:name="unity.strip-engine-code"
49-->src\main\AndroidManifest.xml:14:16-54
50            android:value="true" />
50-->src\main\AndroidManifest.xml:14:55-75
51
52        <activity
52-->src\main\AndroidManifest.xml:15:5-21:16
53            android:name="com.unity3d.player.UnityPlayerActivity"
53-->src\main\AndroidManifest.xml:15:313-366
54            android:configChanges="mcc|mnc|locale|touchscreen|keyboard|keyboardHidden|navigation|orientation|screenLayout|uiMode|screenSize|smallestScreenSize|fontScale|layoutDirection|density"
54-->src\main\AndroidManifest.xml:15:15-196
55            android:enabled="false"
55-->src\main\AndroidManifest.xml:15:197-220
56            android:exported="true"
56-->src\main\AndroidManifest.xml:15:221-244
57            android:hardwareAccelerated="false"
57-->src\main\AndroidManifest.xml:15:245-280
58            android:launchMode="singleTask"
58-->src\main\AndroidManifest.xml:15:281-312
59            android:resizeableActivity="false"
59-->src\main\AndroidManifest.xml:15:367-401
60            android:screenOrientation="fullUser"
60-->src\main\AndroidManifest.xml:15:402-438
61            android:theme="@style/UnityThemeSelector" >
61-->src\main\AndroidManifest.xml:15:439-480
62            <intent-filter>
62-->src\main\AndroidManifest.xml:16:7-19:23
63                <category android:name="android.intent.category.LAUNCHER" />
63-->src\main\AndroidManifest.xml:17:9-69
63-->src\main\AndroidManifest.xml:17:19-66
64
65                <action android:name="android.intent.action.MAIN" />
65-->src\main\AndroidManifest.xml:18:9-61
65-->src\main\AndroidManifest.xml:18:17-58
66            </intent-filter>
67
68            <meta-data
68-->src\main\AndroidManifest.xml:20:7-82
69                android:name="unityplayer.UnityActivity"
69-->src\main\AndroidManifest.xml:20:18-58
70                android:value="true" />
70-->src\main\AndroidManifest.xml:20:59-79
71        </activity>
72        <activity
72-->src\main\AndroidManifest.xml:22:5-30:16
73            android:name="com.unity3d.player.UnityPlayerGameActivity"
73-->src\main\AndroidManifest.xml:22:312-369
74            android:configChanges="mcc|mnc|locale|touchscreen|keyboard|keyboardHidden|navigation|orientation|screenLayout|uiMode|screenSize|smallestScreenSize|fontScale|layoutDirection|density"
74-->src\main\AndroidManifest.xml:22:15-196
75            android:enabled="true"
75-->src\main\AndroidManifest.xml:22:197-219
76            android:exported="true"
76-->src\main\AndroidManifest.xml:22:220-243
77            android:hardwareAccelerated="false"
77-->src\main\AndroidManifest.xml:22:244-279
78            android:launchMode="singleTask"
78-->src\main\AndroidManifest.xml:22:280-311
79            android:resizeableActivity="false"
79-->src\main\AndroidManifest.xml:22:370-404
80            android:screenOrientation="fullUser"
80-->src\main\AndroidManifest.xml:22:405-441
81            android:theme="@style/BaseUnityGameActivityTheme" >
81-->src\main\AndroidManifest.xml:22:442-491
82            <intent-filter>
82-->src\main\AndroidManifest.xml:16:7-19:23
83                <category android:name="android.intent.category.LAUNCHER" />
83-->src\main\AndroidManifest.xml:17:9-69
83-->src\main\AndroidManifest.xml:17:19-66
84
85                <action android:name="android.intent.action.MAIN" />
85-->src\main\AndroidManifest.xml:18:9-61
85-->src\main\AndroidManifest.xml:18:17-58
86            </intent-filter>
87
88            <meta-data
88-->src\main\AndroidManifest.xml:20:7-82
89                android:name="unityplayer.UnityActivity"
89-->src\main\AndroidManifest.xml:20:18-58
90                android:value="true" />
90-->src\main\AndroidManifest.xml:20:59-79
91            <meta-data
91-->src\main\AndroidManifest.xml:28:7-77
92                android:name="android.app.lib_name"
92-->src\main\AndroidManifest.xml:28:18-53
93                android:value="game" />
93-->src\main\AndroidManifest.xml:28:54-74
94            <meta-data
94-->src\main\AndroidManifest.xml:29:7-70
95                android:name="notch_support"
95-->src\main\AndroidManifest.xml:29:18-46
96                android:value="true" />
96-->src\main\AndroidManifest.xml:29:47-67
97        </activity>
98
99        <meta-data
99-->src\main\AndroidManifest.xml:31:5-88
100            android:name="unityplayer.SkipPermissionsDialog"
100-->src\main\AndroidManifest.xml:31:16-64
101            android:value="true" />
101-->src\main\AndroidManifest.xml:31:65-85
102        <meta-data
102-->src\main\AndroidManifest.xml:32:5-77
103            android:name="com.google.ar.core"
103-->src\main\AndroidManifest.xml:32:16-49
104            android:value="required" />
104-->src\main\AndroidManifest.xml:32:50-74
105    </application>
106
107</manifest>